[2012-11-20 23:34:06,947]DEBUG     0[AWT-EventQueue-0] - com.sap.globalit.MiOSDeployHelper$4.actionPerformed(MiOSDeployHelper.java:130) - Not yet!
[2012-11-20 23:34:09,028]DEBUG  2081[AWT-EventQueue-0] - com.sap.globalit.MiOSDeployHelper$4.actionPerformed(MiOSDeployHelper.java:130) - Not yet!
[2012-11-20 23:34:15,537]DEBUG  8590[AWT-EventQueue-0] - com.sap.globalit.MiOSDeployHelper$4.actionPerformed(MiOSDeployHelper.java:130) - Not yet!
[2012-11-20 23:34:21,602]DEBUG 14655[AWT-EventQueue-0] - com.sap.globalit.MiOSDeployHelper$4.actionPerformed(MiOSDeployHelper.java:130) - Not yet!
[2012-11-20 23:34:24,684]DEBUG 17737[AWT-EventQueue-0] - com.sap.globalit.MiOSDeployHelper$4.actionPerformed(MiOSDeployHelper.java:130) - Not yet!
[2012-11-20 23:34:27,485]DEBUG 20538[AWT-EventQueue-0] - com.sap.globalit.MiOSDeployHelper$4.actionPerformed(MiOSDeployHelper.java:130) - Not yet!
[2012-11-20 23:34:29,499]DEBUG 22552[AWT-EventQueue-0] - com.sap.globalit.MiOSDeployHelper$4.actionPerformed(MiOSDeployHelper.java:130) - Not yet!
[2012-11-20 23:48:14,596]ERROR     1[AWT-EventQueue-0] - com.sap.globalit.MiOSDeployHelper$5.actionPerformed(MiOSDeployHelper.java:332) - Class com.sap.global.plugins.ThirdPartyLibDeployTask not found
java.lang.ClassNotFoundException: com.sap.global.plugins.ThirdPartyLibDeployTask
	at java.net.URLClassLoader$1.run(URLClassLoader.java:202)
	at java.security.AccessController.doPrivileged(Native Method)
	at java.net.URLClassLoader.findClass(URLClassLoader.java:190)
	at java.lang.ClassLoader.loadClass(ClassLoader.java:306)
	at sun.misc.Launcher$AppClassLoader.loadClass(Launcher.java:301)
	at java.lang.ClassLoader.loadClass(ClassLoader.java:247)
	at java.lang.Class.forName0(Native Method)
	at java.lang.Class.forName(Class.java:169)
	at com.sap.globalit.MiOSDeployHelper$5.actionPerformed(MiOSDeployHelper.java:296)
	at javax.swing.AbstractButton.fireActionPerformed(AbstractButton.java:2028)
	at javax.swing.AbstractButton$Handler.actionPerformed(AbstractButton.java:2351)
	at javax.swing.DefaultButtonModel.fireActionPerformed(DefaultButtonModel.java:387)
	at javax.swing.DefaultButtonModel.setPressed(DefaultButtonModel.java:242)
	at javax.swing.plaf.basic.BasicButtonListener.mouseReleased(BasicButtonListener.java:236)
	at java.awt.Component.processMouseEvent(Component.java:6382)
	at javax.swing.JComponent.processMouseEvent(JComponent.java:3275)
	at java.awt.Component.processEvent(Component.java:6147)
	at java.awt.Container.processEvent(Container.java:2083)
	at java.awt.Component.dispatchEventImpl(Component.java:4744)
	at java.awt.Container.dispatchEventImpl(Container.java:2141)
	at java.awt.Component.dispatchEvent(Component.java:4572)
	at java.awt.LightweightDispatcher.retargetMouseEvent(Container.java:4619)
	at java.awt.LightweightDispatcher.processMouseEvent(Container.java:4280)
	at java.awt.LightweightDispatcher.dispatchEvent(Container.java:4210)
	at java.awt.Container.dispatchEventImpl(Container.java:2127)
	at java.awt.Window.dispatchEventImpl(Window.java:2489)
	at java.awt.Component.dispatchEvent(Component.java:4572)
	at java.awt.EventQueue.dispatchEventImpl(EventQueue.java:704)
	at java.awt.EventQueue.access$400(EventQueue.java:82)
	at java.awt.EventQueue$2.run(EventQueue.java:663)
	at java.awt.EventQueue$2.run(EventQueue.java:661)
	at java.security.AccessController.doPrivileged(Native Method)
	at java.security.AccessControlContext$1.doIntersectionPrivilege(AccessControlContext.java:87)
	at java.security.AccessControlContext$1.doIntersectionPrivilege(AccessControlContext.java:98)
	at java.awt.EventQueue$3.run(EventQueue.java:677)
	at java.awt.EventQueue$3.run(EventQueue.java:675)
	at java.security.AccessController.doPrivileged(Native Method)
	at java.security.AccessControlContext$1.doIntersectionPrivilege(AccessControlContext.java:87)
	at java.awt.EventQueue.dispatchEvent(EventQueue.java:674)
	at java.awt.EventDispatchThread.pumpOneEventForFilters(EventDispatchThread.java:296)
	at java.awt.EventDispatchThread.pumpEventsForFilter(EventDispatchThread.java:211)
	at java.awt.EventDispatchThread.pumpEventsForHierarchy(EventDispatchThread.java:201)
	at java.awt.EventDispatchThread.pumpEvents(EventDispatchThread.java:196)
	at java.awt.EventDispatchThread.pumpEvents(EventDispatchThread.java:188)
	at java.awt.EventDispatchThread.run(EventDispatchThread.java:122)
